mode: set
yhgolang/mkw/container/nonrepeatingsubstr/nonrepeating.go:5.47,13.31 4 1
yhgolang/mkw/container/nonrepeatingsubstr/nonrepeating.go:23.2,23.18 1 1
yhgolang/mkw/container/nonrepeatingsubstr/nonrepeating.go:13.31,14.58 1 1
yhgolang/mkw/container/nonrepeatingsubstr/nonrepeating.go:17.3,17.28 1 1
yhgolang/mkw/container/nonrepeatingsubstr/nonrepeating.go:20.3,20.23 1 1
yhgolang/mkw/container/nonrepeatingsubstr/nonrepeating.go:14.58,16.4 1 1
yhgolang/mkw/container/nonrepeatingsubstr/nonrepeating.go:17.28,19.4 1 1
yhgolang/mkw/container/nonrepeatingsubstr/nonrepeating.go:25.13,45.2 9 0
